<?xml version="1.0" encoding="UTF-8"?>
<testng-results ignored="0" total="1" passed="1" failed="0" skipped="0">
  <reporter-output>
  </reporter-output>
  <suite started-at="2022-11-16T14:15:20 BRT" name="Default suite" finished-at="2022-11-16T14:15:23 BRT" duration-ms="2459">
    <groups>
    </groups>
    <test started-at="2022-11-16T14:15:20 BRT" name="Default test" finished-at="2022-11-16T14:15:23 BRT" duration-ms="2459">
      <class name="basics.RA_SpecBuilder">
        <test-method is-config="true" signature="setUp()[pri:0, instance:basics.RA_SpecBuilder@865dd6]" started-at="2022-11-16T14:15:20 BRT" name="setUp" finished-at="2022-11-16T14:15:21 BRT" duration-ms="849" status="PASS">
          <reporter-output>
          </reporter-output>
        </test-method> <!-- setUp -->
        <test-method signature="getResponseCode()[pri:0, instance:basics.RA_SpecBuilder@865dd6]" started-at="2022-11-16T14:15:21 BRT" name="getResponseCode" finished-at="2022-11-16T14:15:23 BRT" duration-ms="1577" status="PASS">
          <reporter-output>
          </reporter-output>
        </test-method> <!-- getResponseCode -->
      </class> <!-- basics.RA_SpecBuilder -->
    </test> <!-- Default test -->
  </suite> <!-- Default suite -->
</testng-results>
