<?xml version="1.0" encoding="UTF-8"?>
<!-- Generated by org.testng.reporters.JUnitXMLReporter -->
<testsuite ignored="0" hostname="BRPC014239" failures="0" tests="4" name="Regression Suite 2" time="0.055" errors="0" timestamp="2021-03-09T14:20:31 BRT">
  <testcase classname="testClasses.TestNG_Parallel2" name="testMethod1" time="0.008"/>
  <testcase classname="testClasses.TestNG_Parallel2" name="testMethod2" time="0.001"/>
  <testcase classname="testClasses.TestNG_Parallel2" name="testMethod3" time="0.001"/>
  <testcase classname="testClasses.TestNG_Parallel2" name="testMethod4" time="0.002"/>
</testsuite> <!-- Regression Suite 2 -->
