<?xml version="1.0" encoding="UTF-8"?>
<!-- Generated by org.testng.reporters.JUnitXMLReporter -->
<testsuite ignored="0" hostname="BRPC014239" failures="0" tests="9" name="Regression Suite" time="0.065" errors="0" timestamp="2021-03-08T09:25:20 BRT">
  <testcase classname="regression.TestNG_TestClass1" name="testMethod1" time="0.004"/>
  <testcase classname="regression.TestNG_TestClass1" name="testMethod2" time="0.001"/>
  <testcase classname="regression.TestNG_TestClass1" name="tmrc" time="0.0"/>
  <testcase classname="regression.TestNG_TestClass2" name="testMethod1" time="0.001"/>
  <testcase classname="regression.TestNG_TestClass2" name="testMethod2" time="0.001"/>
  <testcase classname="regression.TestNG_TestClass2" name="tmrc" time="0.001"/>
  <testcase classname="regression.TestNG_TestClass3" name="testMethod1" time="0.001"/>
  <testcase classname="regression.TestNG_TestClass3" name="testMethod2" time="0.001"/>
  <testcase classname="regression.TestNG_TestClass3" name="tmrc" time="0.001"/>
</testsuite> <!-- Regression Suite -->
