<?xml version="1.0" encoding="UTF-8"?>
<!-- Generated by org.testng.reporters.JUnitXMLReporter -->
<testsuite ignored="0" hostname="BRPC014239" failures="0" tests="3" name="Demo Group" time="0.045" errors="0" timestamp="2021-03-09T11:38:23 BRT">
  <testcase classname="testClasses.TestNG_Parameters" name="mrc" time="0.005"/>
  <testcase classname="testClasses.TestNG_Parameters" name="testMethod1" time="0.0"/>
  <testcase classname="testClasses.TestNG_Parameters" name="testMethod2" time="0.001"/>
</testsuite> <!-- Demo Group -->
