<?xml version="1.0" encoding="UTF-8"?>
<!-- Generated by org.testng.reporters.JUnitXMLReporter -->
<testsuite ignored="4" hostname="BRPC014239" failures="0" tests="6" name="Regression API" time="0.026" errors="0" timestamp="2021-03-09T08:24:51 BRT">
  <testcase classname="regression.TestNG_TestClass2" name="testMethod1" time="0.001"/>
  <testcase classname="regression.TestNG_TestClass2" name="testMethod2" time="0.002"/>
  <testcase classname="regression.TestNG_TestClass2" name="tmrc" time="0.001"/>
  <testcase classname="regression.TestNG_TestClass3" name="testMethod1" time="0.001"/>
  <testcase classname="regression.TestNG_TestClass3" name="testMethod2" time="0.002"/>
  <testcase classname="regression.TestNG_TestClass3" name="tmrc" time="0.001"/>
  <testcase classname="baseTest.BaseTestSuite" name="@AfterSuite afterSuite" time="0.0">
    <ignored/>
  </testcase> <!-- @AfterSuite afterSuite -->
  <testcase classname="baseTest.BaseTestSuite" name="@BeforeSuite beforeSuite" time="0.0">
    <ignored/>
  </testcase> <!-- @BeforeSuite beforeSuite -->
  <testcase classname="baseTest.BaseTestSuite" name="@AfterTest afterTest" time="0.0">
    <ignored/>
  </testcase> <!-- @AfterTest afterTest -->
  <testcase classname="baseTest.BaseTestSuite" name="@BeforeTest beforeTest" time="0.0">
    <ignored/>
  </testcase> <!-- @BeforeTest beforeTest -->
</testsuite> <!-- Regression API -->
