<?xml version="1.0" encoding="UTF-8"?>
<!-- Generated by org.testng.reporters.JUnitXMLReporter -->
<testsuite ignored="0" hostname="BRPC014239" failures="0" tests="3" name="Regression UI" time="0.039" errors="0" timestamp="2021-03-09T08:24:51 BRT">
  <testcase classname="regression.TestNG_TestClass1" name="testMethod1" time="0.004"/>
  <testcase classname="regression.TestNG_TestClass1" name="testMethod2" time="0.001"/>
  <testcase classname="regression.TestNG_TestClass1" name="tmrc" time="0.002"/>
</testsuite> <!-- Regression UI -->
